Using pre-set license
Built from '2020.3/staging' branch; Version is '2020.3.41f1 (7c19dc9acfda) revision 8133084'; Using compiler version '192528614'; Build Type 'Release'
OS: 'Windows 10  (10.0.19045) 64bit Professional' Language: 'ru' Physical Memory: 4014 MB
BatchMode: 1, IsHumanControllingUs: 0, StartBugReporterOnCrash: 0, Is64bit: 1, IsPro: 0

COMMAND LINE ARGUMENTS:
E:\Unity\2020.3.41f1\Editor\Unity.exe
-adb2
-batchMode
-noUpm
-name
AssetImportWorker0
-projectPath
E:/Unity Projects/Color Switch
-logFile
Logs/AssetImportWorker0.log
-srvPort
49523
Successfully changed project path to: E:/Unity Projects/Color Switch
E:/Unity Projects/Color Switch
Using Asset Import Pipeline V2.
Refreshing native plugins compatible for Editor in 124.77 ms, found 3 plugins.
Preloading 0 native plugins for Editor in 0.00 ms.
Initialize engine version: 2020.3.41f1 (7c19dc9acfda)
[Subsystems] Discovering subsystems at path E:/Unity/2020.3.41f1/Editor/Data/Resources/UnitySubsystems
[Subsystems] Discovering subsystems at path E:/Unity Projects/Color Switch/Assets
GfxDevice: creating device client; threaded=0
Direct3D:
    Version:  Direct3D 11.0 [level 11.1]
    Renderer: AMD Radeon(TM) R7 M360 (ID=0x6900)
    Vendor:   
    VRAM:     2039 MB
    Driver:   15.201.1101.0
Initialize mono
Mono path[0] = 'E:/Unity/2020.3.41f1/Editor/Data/Managed'
Mono path[1] = 'E:/Unity/2020.3.41f1/Editor/Data/MonoBleedingEdge/lib/mono/unityjit'
Mono config path = 'E:/Unity/2020.3.41f1/Editor/Data/MonoBleedingEdge/etc'
Using monoOptions --debugger-agent=transport=dt_socket,embedding=1,server=y,suspend=n,address=127.0.0.1:56652
Begin MonoManager ReloadAssembly
Registering precompiled unity dll's ...
Register platform support module: E:/Unity/2020.3.41f1/Editor/Data/PlaybackEngines/WindowsStandaloneSupport/UnityEditor.WindowsStandalone.Extensions.dll
Registered in 0.032147 seconds.
Native extension for WindowsStandalone target not found
Refreshing native plugins compatible for Editor in 75.56 ms, found 3 plugins.
Preloading 0 native plugins for Editor in 0.00 ms.
Mono: successfully reloaded assembly
- Completed reload, in  2.121 seconds
Domain Reload Profiling:
	ReloadAssembly (2121ms)
		BeginReloadAssembly (1055ms)
			ExecutionOrderSort (0ms)
			DisableScriptedObjects (0ms)
			BackupInstance (0ms)
			ReleaseScriptingObjects (0ms)
			CreateAndSetChildDomain (1ms)
		EndReloadAssembly (885ms)
			LoadAssemblies (1055ms)
			RebuildTransferFunctionScriptingTraits (0ms)
			SetupTypeCache (287ms)
			ReleaseScriptCaches (0ms)
			RebuildScriptCaches (53ms)
			SetupLoadedEditorAssemblies (317ms)
				LogAssemblyErrors (0ms)
				InitializePlatformSupportModulesInManaged (6ms)
				SetLoadedEditorAssemblies (0ms)
				RefreshPlugins (76ms)
				BeforeProcessingInitializeOnLoad (14ms)
				ProcessInitializeOnLoadAttributes (142ms)
				ProcessInitializeOnLoadMethodAttributes (78ms)
				AfterProcessingInitializeOnLoad (0ms)
				EditorAssembliesLoaded (0ms)
			ExecutionOrderSort2 (0ms)
			AwakeInstancesAfterBackupRestoration (0ms)
Platform modules already initialized, skipping
Registering precompiled user dll's ...
Registered in 0.005454 seconds.
Begin MonoManager ReloadAssembly
Native extension for WindowsStandalone target not found
Refreshing native plugins compatible for Editor in 71.69 ms, found 3 plugins.
Preloading 0 native plugins for Editor in 0.00 ms.
Mono: successfully reloaded assembly
- Completed reload, in  2.790 seconds
Domain Reload Profiling:
	ReloadAssembly (2793ms)
		BeginReloadAssembly (243ms)
			ExecutionOrderSort (0ms)
			DisableScriptedObjects (7ms)
			BackupInstance (0ms)
			ReleaseScriptingObjects (0ms)
			CreateAndSetChildDomain (32ms)
		EndReloadAssembly (2454ms)
			LoadAssemblies (917ms)
			RebuildTransferFunctionScriptingTraits (0ms)
			SetupTypeCache (553ms)
			ReleaseScriptCaches (1ms)
			RebuildScriptCaches (77ms)
			SetupLoadedEditorAssemblies (723ms)
				LogAssemblyErrors (0ms)
				InitializePlatformSupportModulesInManaged (6ms)
				SetLoadedEditorAssemblies (0ms)
				RefreshPlugins (72ms)
				BeforeProcessingInitializeOnLoad (113ms)
				ProcessInitializeOnLoadAttributes (382ms)
				ProcessInitializeOnLoadMethodAttributes (145ms)
				AfterProcessingInitializeOnLoad (5ms)
				EditorAssembliesLoaded (0ms)
			ExecutionOrderSort2 (0ms)
			AwakeInstancesAfterBackupRestoration (3ms)
Platform modules already initialized, skipping
========================================================================
Worker process is ready to serve import requests
Launched and connected shader compiler UnityShaderCompiler.exe after 0.47 seconds
Refreshing native plugins compatible for Editor in 0.95 ms, found 3 plugins.
Preloading 0 native plugins for Editor in 0.00 ms.
Unloading 2228 Unused Serialized files (Serialized files now loaded: 0)
System memory in use before: 97.6 MB.
System memory in use after: 97.5 MB.

Unloading 31 unused Assets to reduce memory usage. Loaded Objects now: 2663.
Total: 18.569700 ms (FindLiveObjects: 0.214200 ms CreateObjectMapping: 0.099700 ms MarkObjects: 17.929800 ms  DeleteObjects: 0.323900 ms)

AssetImportParameters requested are different than current active one (requested -> active):
  custom:framework-win-MediaFoundation: 216162199b28c13a410421893ffa2e32 -> 
  custom:video-decoder-ogg-theora: a1e56fd34408186e4bbccfd4996cb3dc -> 
  custom:container-muxer-webm: aa71ff27fc2769a1b78a27578f13a17b -> 
  custom:container-demuxer-webm: 4f35f7cbe854078d1ac9338744f61a02 -> 
  custom:container-demuxer-ogg: 62fdf1f143b41e24485cea50d1cbac27 -> 
  custom:video-encoder-webm-vp8: eb34c28f22e8b96e1ab97ce403110664 -> 
  custom:video-decoder-webm-vp8: 9c59270c3fd7afecdb556c50c9e8de78 -> 
  custom:audio-decoder-ogg-vorbis: bf7c407c2cedff20999df2af8eb42d56 -> 
  custom:audio-encoder-webm-vorbis: bf7c407c2cedff20999df2af8eb42d56 -> 
========================================================================
Received Import Request.
  path: Assets/Materials/9523.png_300.png
  artifactKey: Guid(1110d3c5f11012b41bd8f6c4d409fb17) Importer(815301076,1909f56bfc062723c751e8b465ee728b)
Start importing Assets/Materials/9523.png_300.png using Guid(1110d3c5f11012b41bd8f6c4d409fb17) Importer(815301076,1909f56bfc062723c751e8b465ee728b)  -> (artifact id: 'f35026c4c5d6c6485d82fdd3fe47dfa0') in 1.401688 seconds 
========================================================================
Received Import Request.
  Time since last request: 0.014319 seconds.
  path: Assets/Prefabs/Bonus.prefab
  artifactKey: Guid(0d8848104843eeb4197ccab27bc26afb) Importer(815301076,1909f56bfc062723c751e8b465ee728b)
Start importing Assets/Prefabs/Bonus.prefab using Guid(0d8848104843eeb4197ccab27bc26afb) Importer(815301076,1909f56bfc062723c751e8b465ee728b)  -> (artifact id: '8e9568e94b8d1f0d652dd7858c5447d7') in 0.034000 seconds 
========================================================================
Received Import Request.
  Time since last request: 107.406585 seconds.
  path: Assets/Materials/6d009e1b243cc054596b94082499e2ce.png
  artifactKey: Guid(a715279cfa9f5c34aa3af93f8f87cb6d) Importer(815301076,1909f56bfc062723c751e8b465ee728b)
Start importing Assets/Materials/6d009e1b243cc054596b94082499e2ce.png using Guid(a715279cfa9f5c34aa3af93f8f87cb6d) Importer(815301076,1909f56bfc062723c751e8b465ee728b)  -> (artifact id: '3556e86b5435d635fe68278c56f75c5a') in 0.551851 seconds 
========================================================================
Received Import Request.
  Time since last request: 295.947732 seconds.
  path: Assets/Prefabs/Bonus.prefab
  artifactKey: Guid(0d8848104843eeb4197ccab27bc26afb) Importer(815301076,1909f56bfc062723c751e8b465ee728b)
Start importing Assets/Prefabs/Bonus.prefab using Guid(0d8848104843eeb4197ccab27bc26afb) Importer(815301076,1909f56bfc062723c751e8b465ee728b)  -> (artifact id: 'bfd1e704a347ba6732a7771da3753de3') in 1.332265 seconds 
========================================================================
Received Import Request.
  Time since last request: 286.716381 seconds.
  path: Assets/Materials/6d009e1b243cc054596b94082499e2ce.png
  artifactKey: Guid(a715279cfa9f5c34aa3af93f8f87cb6d) Importer(815301076,1909f56bfc062723c751e8b465ee728b)
Start importing Assets/Materials/6d009e1b243cc054596b94082499e2ce.png using Guid(a715279cfa9f5c34aa3af93f8f87cb6d) Importer(815301076,1909f56bfc062723c751e8b465ee728b)  -> (artifact id: 'f4dbddc46ec509dfdbe7a8ec17002625') in 0.517038 seconds 
========================================================================
Received Import Request.
  Time since last request: 9.835862 seconds.
  path: Assets/Materials/6d009e1b243cc054596b94082499e2ce.png
  artifactKey: Guid(a715279cfa9f5c34aa3af93f8f87cb6d) Importer(815301076,1909f56bfc062723c751e8b465ee728b)
Start importing Assets/Materials/6d009e1b243cc054596b94082499e2ce.png using Guid(a715279cfa9f5c34aa3af93f8f87cb6d) Importer(815301076,1909f56bfc062723c751e8b465ee728b)  -> (artifact id: 'ab9b72204f3a1591c6a6c296dad54c85') in 0.506436 seconds 
========================================================================
Received Import Request.
  Time since last request: 5.277677 seconds.
  path: Assets/Materials/6d009e1b243cc054596b94082499e2ce.png
  artifactKey: Guid(a715279cfa9f5c34aa3af93f8f87cb6d) Importer(815301076,1909f56bfc062723c751e8b465ee728b)
Start importing Assets/Materials/6d009e1b243cc054596b94082499e2ce.png using Guid(a715279cfa9f5c34aa3af93f8f87cb6d) Importer(815301076,1909f56bfc062723c751e8b465ee728b)  -> (artifact id: 'c1e3cf8d552fa6ec188187fd99524c69') in 0.618616 seconds 
========================================================================
Received Import Request.
  Time since last request: 10.749709 seconds.
  path: Assets/Prefabs/Bonus.prefab
  artifactKey: Guid(0d8848104843eeb4197ccab27bc26afb) Importer(815301076,1909f56bfc062723c751e8b465ee728b)
Start importing Assets/Prefabs/Bonus.prefab using Guid(0d8848104843eeb4197ccab27bc26afb) Importer(815301076,1909f56bfc062723c751e8b465ee728b)  -> (artifact id: '5e4d200035ade0db15e6fea624459795') in 0.006072 seconds 
AssetImportWorkerClient::OnTransportError - code=2 error=End of file
